{"/Users/viniciuspinheiro/code/cleanark/src/data/protocols/http/http-response.ts": {"path":"/Users/viniciuspinheiro/code/cleanark/src/data/protocols/http/http-response.ts","statementMap":{"0":{"start":{"line":1,"column":0},"end":{"line":1,"column":null}},"1":{"start":{"line":2,"column":2},"end":{"line":2,"column":null}},"2":{"start":{"line":3,"column":2},"end":{"line":3,"column":null}},"3":{"start":{"line":4,"column":2},"end":{"line":4,"column":null}},"4":{"start":{"line":5,"column":2},"end":{"line":5,"column":null}},"5":{"start":{"line":6,"column":2},"end":{"line":6,"column":null}},"6":{"start":{"line":7,"column":2},"end":{"line":7,"column":null}}},"fnMap":{"0":{"name":"(anonymous_0)","decl":{"start":{"line":1,"column":0},"end":{"line":1,"column":12}},"loc":{"start":{"line":1,"column":26},"end":{"line":8,"column":1}}}},"branchMap":{"0":{"loc":{"start":{"line":1,"column":12},"end":{"line":1,"column":26}},"type":"binary-expr","locations":[{"start":{"line":1,"column":12},"end":{"line":1,"column":26}},{"start":{"line":1,"column":12},"end":{"line":1,"column":null}}]}},"s":{"0":2,"1":2,"2":2,"3":2,"4":2,"5":2,"6":2},"f":{"0":2},"b":{"0":[2,2]}}
,"/Users/viniciuspinheiro/code/cleanark/src/data/protocols/http/index.ts": {"path":"/Users/viniciuspinheiro/code/cleanark/src/data/protocols/http/index.ts","statementMap":{"0":{"start":{"line":1,"column":0},"end":{"line":1,"column":34}},"1":{"start":{"line":2,"column":0},"end":{"line":2,"column":31}}},"fnMap":{},"branchMap":{},"s":{"0":2,"1":2},"f":{},"b":{}}
,"/Users/viniciuspinheiro/code/cleanark/src/data/test/index.ts": {"path":"/Users/viniciuspinheiro/code/cleanark/src/data/test/index.ts","statementMap":{"0":{"start":{"line":1,"column":0},"end":{"line":1,"column":34}},"1":{"start":{"line":2,"column":0},"end":{"line":2,"column":32}}},"fnMap":{},"branchMap":{},"s":{"0":2,"1":2},"f":{},"b":{}}
,"/Users/viniciuspinheiro/code/cleanark/src/data/test/mock-http-client.ts": {"path":"/Users/viniciuspinheiro/code/cleanark/src/data/test/mock-http-client.ts","statementMap":{"0":{"start":{"line":1,"column":0},"end":{"line":1,"column":100}},"1":{"start":{"line":4,"column":0},"end":{"line":4,"column":13}},"2":{"start":{"line":7,"column":2},"end":{"line":9,"column":null}},"3":{"start":{"line":11,"column":8},"end":{"line":15,"column":null}},"4":{"start":{"line":12,"column":4},"end":{"line":12,"column":null}},"5":{"start":{"line":13,"column":4},"end":{"line":13,"column":null}},"6":{"start":{"line":14,"column":4},"end":{"line":14,"column":null}},"7":{"start":{"line":16,"column":0},"end":{"line":16,"column":null}},"8":{"start":{"line":4,"column":13},"end":{"line":4,"column":30}}},"fnMap":{"0":{"name":"(anonymous_13)","decl":{"start":{"line":4,"column":0},"end":{"line":4,"column":13}},"loc":{"start":{"line":4,"column":0},"end":{"line":16,"column":null}}},"1":{"name":"(anonymous_15)","decl":{"start":{"line":11,"column":2},"end":{"line":11,"column":8}},"loc":{"start":{"line":11,"column":38},"end":{"line":15,"column":null}}}},"branchMap":{},"s":{"0":2,"1":2,"2":7,"3":2,"4":7,"5":7,"6":7,"7":2,"8":2},"f":{"0":9,"1":7},"b":{}}
,"/Users/viniciuspinheiro/code/cleanark/src/data/test/mock-http-post.ts": {"path":"/Users/viniciuspinheiro/code/cleanark/src/data/test/mock-http-post.ts","statementMap":{"0":{"start":{"line":2,"column":0},"end":{"line":2,"column":25}},"1":{"start":{"line":4,"column":13},"end":{"line":7,"column":null}},"2":{"start":{"line":4,"column":58},"end":{"line":7,"column":null}}},"fnMap":{"0":{"name":"(anonymous_1)","decl":{"start":{"line":4,"column":31},"end":{"line":4,"column":58}},"loc":{"start":{"line":4,"column":31},"end":{"line":4,"column":59}}}},"branchMap":{},"s":{"0":2,"1":2,"2":2},"f":{"0":2},"b":{}}
,"/Users/viniciuspinheiro/code/cleanark/src/data/usecases/authentication/index.ts": {"path":"/Users/viniciuspinheiro/code/cleanark/src/data/usecases/authentication/index.ts","statementMap":{"0":{"start":{"line":1,"column":0},"end":{"line":1,"column":39}}},"fnMap":{},"branchMap":{},"s":{"0":1},"f":{},"b":{}}
,"/Users/viniciuspinheiro/code/cleanark/src/data/usecases/authentication/remote-authentication.ts": {"path":"/Users/viniciuspinheiro/code/cleanark/src/data/usecases/authentication/remote-authentication.ts","statementMap":{"0":{"start":{"line":1,"column":0},"end":{"line":1,"column":71}},"1":{"start":{"line":3,"column":0},"end":{"line":3,"column":75}},"2":{"start":{"line":6,"column":0},"end":{"line":6,"column":13}},"3":{"start":{"line":8,"column":21},"end":{"line":8,"column":32}},"4":{"start":{"line":9,"column":21},"end":{"line":9,"column":87}},"5":{"start":{"line":12,"column":8},"end":{"line":25,"column":null}},"6":{"start":{"line":13,"column":25},"end":{"line":16,"column":null}},"7":{"start":{"line":13,"column":10},"end":{"line":16,"column":null}},"8":{"start":{"line":18,"column":4},"end":{"line":23,"column":null}},"9":{"start":{"line":19,"column":30},"end":{"line":19,"column":null}},"10":{"start":{"line":20,"column":40},"end":{"line":20,"column":null}},"11":{"start":{"line":21,"column":38},"end":{"line":21,"column":null}},"12":{"start":{"line":22,"column":15},"end":{"line":22,"column":null}},"13":{"start":{"line":26,"column":0},"end":{"line":26,"column":null}},"14":{"start":{"line":6,"column":13},"end":{"line":6,"column":33}}},"fnMap":{"0":{"name":"(anonymous_13)","decl":{"start":{"line":6,"column":0},"end":{"line":6,"column":13}},"loc":{"start":{"line":6,"column":0},"end":{"line":26,"column":null}}},"1":{"name":"RemoteAuthentication","decl":{"start":{"line":7,"column":2},"end":{"line":7,"column":null}},"loc":{"start":{"line":9,"column":87},"end":{"line":10,"column":7}}},"2":{"name":"(anonymous_15)","decl":{"start":{"line":12,"column":2},"end":{"line":12,"column":8}},"loc":{"start":{"line":12,"column":41},"end":{"line":25,"column":null}}}},"branchMap":{"0":{"loc":{"start":{"line":13,"column":25},"end":{"line":16,"column":null}},"type":"switch","locations":[{"start":{"line":13,"column":25},"end":{"line":16,"column":null}}]},"1":{"loc":{"start":{"line":19,"column":6},"end":{"line":19,"column":null}},"type":"switch","locations":[{"start":{"line":19,"column":6},"end":{"line":19,"column":null}},{"start":{"line":20,"column":6},"end":{"line":20,"column":null}},{"start":{"line":21,"column":6},"end":{"line":21,"column":null}},{"start":{"line":22,"column":6},"end":{"line":22,"column":null}}]}},"s":{"0":1,"1":1,"2":1,"3":7,"4":7,"5":1,"6":7,"7":7,"8":7,"9":3,"10":1,"11":1,"12":2,"13":1,"14":1},"f":{"0":1,"1":7,"2":7},"b":{"0":[7],"1":[3,1,1,2]}}
,"/Users/viniciuspinheiro/code/cleanark/src/domain/errors/index.ts": {"path":"/Users/viniciuspinheiro/code/cleanark/src/domain/errors/index.ts","statementMap":{"0":{"start":{"line":1,"column":0},"end":{"line":1,"column":43}},"1":{"start":{"line":2,"column":0},"end":{"line":2,"column":34}}},"fnMap":{},"branchMap":{},"s":{"0":1,"1":1},"f":{},"b":{}}
,"/Users/viniciuspinheiro/code/cleanark/src/domain/errors/invalid-credentials-error.ts": {"path":"/Users/viniciuspinheiro/code/cleanark/src/domain/errors/invalid-credentials-error.ts","statementMap":{"0":{"start":{"line":1,"column":0},"end":{"line":1,"column":null}},"1":{"start":{"line":1,"column":45},"end":{"line":1,"column":50}},"2":{"start":{"line":3,"column":4},"end":{"line":3,"column":null}},"3":{"start":{"line":4,"column":4},"end":{"line":4,"column":null}},"4":{"start":{"line":6,"column":0},"end":{"line":6,"column":null}},"5":{"start":{"line":1,"column":13},"end":{"line":1,"column":36}}},"fnMap":{"0":{"name":"(anonymous_6)","decl":{"start":{"line":1,"column":0},"end":{"line":1,"column":13}},"loc":{"start":{"line":1,"column":0},"end":{"line":6,"column":null}}},"1":{"name":"InvalidCredentialsError","decl":{"start":{"line":2,"column":2},"end":{"line":2,"column":null}},"loc":{"start":{"line":2,"column":2},"end":{"line":5,"column":3}}}},"branchMap":{"0":{"loc":{"start":{"line":3,"column":4},"end":{"line":3,"column":34}},"type":"binary-expr","locations":[{"start":{"line":3,"column":4},"end":{"line":3,"column":34}},{"start":{"line":3,"column":34},"end":{"line":3,"column":null}}]}},"s":{"0":1,"1":1,"2":2,"3":2,"4":1,"5":1},"f":{"0":1,"1":2},"b":{"0":[2,0]}}
,"/Users/viniciuspinheiro/code/cleanark/src/domain/errors/unexpected-error.ts": {"path":"/Users/viniciuspinheiro/code/cleanark/src/domain/errors/unexpected-error.ts","statementMap":{"0":{"start":{"line":1,"column":0},"end":{"line":1,"column":null}},"1":{"start":{"line":1,"column":37},"end":{"line":1,"column":42}},"2":{"start":{"line":3,"column":4},"end":{"line":3,"column":null}},"3":{"start":{"line":4,"column":4},"end":{"line":4,"column":null}},"4":{"start":{"line":6,"column":0},"end":{"line":6,"column":null}},"5":{"start":{"line":1,"column":13},"end":{"line":1,"column":28}}},"fnMap":{"0":{"name":"(anonymous_6)","decl":{"start":{"line":1,"column":0},"end":{"line":1,"column":13}},"loc":{"start":{"line":1,"column":0},"end":{"line":6,"column":null}}},"1":{"name":"UnexpectedError","decl":{"start":{"line":2,"column":2},"end":{"line":2,"column":null}},"loc":{"start":{"line":2,"column":2},"end":{"line":5,"column":3}}}},"branchMap":{"0":{"loc":{"start":{"line":3,"column":4},"end":{"line":3,"column":66}},"type":"binary-expr","locations":[{"start":{"line":3,"column":4},"end":{"line":3,"column":66}},{"start":{"line":3,"column":66},"end":{"line":3,"column":null}}]}},"s":{"0":1,"1":1,"2":6,"3":6,"4":1,"5":1},"f":{"0":1,"1":6},"b":{"0":[6,0]}}
,"/Users/viniciuspinheiro/code/cleanark/src/domain/models/index.ts": {"path":"/Users/viniciuspinheiro/code/cleanark/src/domain/models/index.ts","statementMap":{"0":{"start":{"line":1,"column":0},"end":{"line":1,"column":31}}},"fnMap":{},"branchMap":{},"s":{"0":0},"f":{},"b":{}}
,"/Users/viniciuspinheiro/code/cleanark/src/domain/test/index.ts": {"path":"/Users/viniciuspinheiro/code/cleanark/src/domain/test/index.ts","statementMap":{"0":{"start":{"line":1,"column":0},"end":{"line":1,"column":30}}},"fnMap":{},"branchMap":{},"s":{"0":1},"f":{},"b":{}}
,"/Users/viniciuspinheiro/code/cleanark/src/domain/test/mock-account.ts": {"path":"/Users/viniciuspinheiro/code/cleanark/src/domain/test/mock-account.ts","statementMap":{"0":{"start":{"line":3,"column":0},"end":{"line":3,"column":25}},"1":{"start":{"line":5,"column":13},"end":{"line":8,"column":null}},"2":{"start":{"line":5,"column":62},"end":{"line":8,"column":null}},"3":{"start":{"line":10,"column":13},"end":{"line":12,"column":null}},"4":{"start":{"line":10,"column":52},"end":{"line":12,"column":null}}},"fnMap":{"0":{"name":"(anonymous_1)","decl":{"start":{"line":5,"column":34},"end":{"line":5,"column":62}},"loc":{"start":{"line":5,"column":34},"end":{"line":5,"column":63}}},"1":{"name":"(anonymous_2)","decl":{"start":{"line":10,"column":32},"end":{"line":10,"column":52}},"loc":{"start":{"line":10,"column":32},"end":{"line":10,"column":53}}}},"branchMap":{},"s":{"0":1,"1":1,"2":7,"3":1,"4":1},"f":{"0":7,"1":1},"b":{}}
,"/Users/viniciuspinheiro/code/cleanark/src/domain/usecases/index.ts": {"path":"/Users/viniciuspinheiro/code/cleanark/src/domain/usecases/index.ts","statementMap":{"0":{"start":{"line":1,"column":0},"end":{"line":1,"column":32}}},"fnMap":{},"branchMap":{},"s":{"0":0},"f":{},"b":{}}
,"/Users/viniciuspinheiro/code/cleanark/src/infra/http/axios-http-client/axios-http-client.ts": {"path":"/Users/viniciuspinheiro/code/cleanark/src/infra/http/axios-http-client/axios-http-client.ts","statementMap":{"0":{"start":{"line":2,"column":0},"end":{"line":2,"column":25}},"1":{"start":{"line":4,"column":0},"end":{"line":4,"column":13}},"2":{"start":{"line":5,"column":8},"end":{"line":11,"column":null}},"3":{"start":{"line":6,"column":25},"end":{"line":6,"column":null}},"4":{"start":{"line":6,"column":10},"end":{"line":6,"column":null}},"5":{"start":{"line":7,"column":4},"end":{"line":10,"column":null}},"6":{"start":{"line":12,"column":0},"end":{"line":12,"column":null}},"7":{"start":{"line":4,"column":13},"end":{"line":4,"column":28}}},"fnMap":{"0":{"name":"(anonymous_14)","decl":{"start":{"line":4,"column":0},"end":{"line":4,"column":13}},"loc":{"start":{"line":4,"column":0},"end":{"line":12,"column":null}}},"1":{"name":"(anonymous_16)","decl":{"start":{"line":5,"column":2},"end":{"line":5,"column":8}},"loc":{"start":{"line":5,"column":40},"end":{"line":11,"column":null}}}},"branchMap":{"0":{"loc":{"start":{"line":6,"column":25},"end":{"line":6,"column":null}},"type":"switch","locations":[{"start":{"line":6,"column":25},"end":{"line":6,"column":null}}]}},"s":{"0":1,"1":1,"2":1,"3":2,"4":2,"5":2,"6":1,"7":1},"f":{"0":3,"1":2},"b":{"0":[2]}}
,"/Users/viniciuspinheiro/code/cleanark/src/infra/http/axios-http-client/index.ts": {"path":"/Users/viniciuspinheiro/code/cleanark/src/infra/http/axios-http-client/index.ts","statementMap":{"0":{"start":{"line":1,"column":0},"end":{"line":1,"column":35}}},"fnMap":{},"branchMap":{},"s":{"0":1},"f":{},"b":{}}
,"/Users/viniciuspinheiro/code/cleanark/src/infra/test/index.ts": {"path":"/Users/viniciuspinheiro/code/cleanark/src/infra/test/index.ts","statementMap":{"0":{"start":{"line":1,"column":0},"end":{"line":1,"column":28}}},"fnMap":{},"branchMap":{},"s":{"0":1},"f":{},"b":{}}
,"/Users/viniciuspinheiro/code/cleanark/src/infra/test/mock-axios.ts": {"path":"/Users/viniciuspinheiro/code/cleanark/src/infra/test/mock-axios.ts","statementMap":{"0":{"start":{"line":1,"column":0},"end":{"line":1,"column":25}},"1":{"start":{"line":2,"column":0},"end":{"line":2,"column":25}},"2":{"start":{"line":5,"column":13},"end":{"line":13,"column":null}},"3":{"start":{"line":6,"column":22},"end":{"line":6,"column":56}},"4":{"start":{"line":7,"column":2},"end":{"line":10,"column":null}},"5":{"start":{"line":12,"column":2},"end":{"line":12,"column":null}}},"fnMap":{"0":{"name":"(anonymous_1)","decl":{"start":{"line":5,"column":25},"end":{"line":5,"column":null}},"loc":{"start":{"line":5,"column":25},"end":{"line":13,"column":1}}}},"branchMap":{},"s":{"0":1,"1":1,"2":1,"3":2,"4":2,"5":2},"f":{"0":2},"b":{}}
}
