TN:
SF:src/data/protocols/http/http-response.ts
FN:1,(anonymous_0)
FNF:1
FNH:1
FNDA:2,(anonymous_0)
DA:1,2
DA:2,2
DA:3,2
DA:4,2
DA:5,2
DA:6,2
DA:7,2
LF:7
LH:7
BRDA:1,0,0,2
BRDA:1,0,1,2
BRF:2
BRH:2
end_of_record
TN:
SF:src/data/protocols/http/index.ts
FNF:0
FNH:0
DA:1,2
DA:2,2
LF:2
LH:2
BRF:0
BRH:0
end_of_record
TN:
SF:src/data/test/index.ts
FNF:0
FNH:0
DA:1,2
DA:2,2
LF:2
LH:2
BRF:0
BRH:0
end_of_record
TN:
SF:src/data/test/mock-http-client.ts
FN:4,(anonymous_13)
FN:11,(anonymous_15)
FNF:2
FNH:2
FNDA:9,(anonymous_13)
FNDA:7,(anonymous_15)
DA:1,2
DA:4,2
DA:7,7
DA:11,2
DA:12,7
DA:13,7
DA:14,7
DA:16,2
LF:8
LH:8
BRF:0
BRH:0
end_of_record
TN:
SF:src/data/test/mock-http-post.ts
FN:4,(anonymous_1)
FNF:1
FNH:1
FNDA:2,(anonymous_1)
DA:2,2
DA:4,2
LF:2
LH:2
BRF:0
BRH:0
end_of_record
TN:
SF:src/data/usecases/authentication/index.ts
FNF:0
FNH:0
DA:1,1
LF:1
LH:1
BRF:0
BRH:0
end_of_record
TN:
SF:src/data/usecases/authentication/remote-authentication.ts
FN:6,(anonymous_13)
FN:7,RemoteAuthentication
FN:12,(anonymous_15)
FNF:3
FNH:3
FNDA:1,(anonymous_13)
FNDA:7,RemoteAuthentication
FNDA:7,(anonymous_15)
DA:1,1
DA:3,1
DA:6,1
DA:8,7
DA:9,7
DA:12,1
DA:13,7
DA:18,7
DA:19,3
DA:20,1
DA:21,1
DA:22,2
DA:26,1
LF:13
LH:13
BRDA:13,0,0,7
BRDA:19,1,0,3
BRDA:19,1,1,1
BRDA:19,1,2,1
BRDA:19,1,3,2
BRF:5
BRH:5
end_of_record
TN:
SF:src/domain/errors/index.ts
FNF:0
FNH:0
DA:1,1
DA:2,1
LF:2
LH:2
BRF:0
BRH:0
end_of_record
TN:
SF:src/domain/errors/invalid-credentials-error.ts
FN:1,(anonymous_6)
FN:2,InvalidCredentialsError
FNF:2
FNH:2
FNDA:1,(anonymous_6)
FNDA:2,InvalidCredentialsError
DA:1,1
DA:3,2
DA:4,2
DA:6,1
LF:4
LH:4
BRDA:3,0,0,2
BRDA:3,0,1,0
BRF:2
BRH:1
end_of_record
TN:
SF:src/domain/errors/unexpected-error.ts
FN:1,(anonymous_6)
FN:2,UnexpectedError
FNF:2
FNH:2
FNDA:1,(anonymous_6)
FNDA:6,UnexpectedError
DA:1,1
DA:3,6
DA:4,6
DA:6,1
LF:4
LH:4
BRDA:3,0,0,6
BRDA:3,0,1,0
BRF:2
BRH:1
end_of_record
TN:
SF:src/domain/models/index.ts
FNF:0
FNH:0
DA:1,0
LF:1
LH:0
BRF:0
BRH:0
end_of_record
TN:
SF:src/domain/test/index.ts
FNF:0
FNH:0
DA:1,1
LF:1
LH:1
BRF:0
BRH:0
end_of_record
TN:
SF:src/domain/test/mock-account.ts
FN:5,(anonymous_1)
FN:10,(anonymous_2)
FNF:2
FNH:2
FNDA:7,(anonymous_1)
FNDA:1,(anonymous_2)
DA:3,1
DA:5,7
DA:10,1
LF:3
LH:3
BRF:0
BRH:0
end_of_record
TN:
SF:src/domain/usecases/index.ts
FNF:0
FNH:0
DA:1,0
LF:1
LH:0
BRF:0
BRH:0
end_of_record
TN:
SF:src/infra/http/axios-http-client/axios-http-client.ts
FN:4,(anonymous_14)
FN:5,(anonymous_16)
FNF:2
FNH:2
FNDA:3,(anonymous_14)
FNDA:2,(anonymous_16)
DA:2,1
DA:4,1
DA:5,1
DA:6,2
DA:7,2
DA:12,1
LF:6
LH:6
BRDA:6,0,0,2
BRF:1
BRH:1
end_of_record
TN:
SF:src/infra/http/axios-http-client/index.ts
FNF:0
FNH:0
DA:1,1
LF:1
LH:1
BRF:0
BRH:0
end_of_record
TN:
SF:src/infra/test/index.ts
FNF:0
FNH:0
DA:1,1
LF:1
LH:1
BRF:0
BRH:0
end_of_record
TN:
SF:src/infra/test/mock-axios.ts
FN:5,(anonymous_1)
FNF:1
FNH:1
FNDA:2,(anonymous_1)
DA:1,1
DA:2,1
DA:5,1
DA:6,2
DA:7,2
DA:12,2
LF:6
LH:6
BRF:0
BRH:0
end_of_record
